<?xml version="1.0" encoding="UTF-8"?>
<!-- Generated by org.testng.reporters.JUnitReportReporter -->
<testsuite skipped="0" hostname="MYUKSEKKAYA" name="runners.MyGM5PlusTestNGRunnerTest" tests="3" failures="0" timestamp="2020-11-03T15:33:18 EET" time="26.545" errors="0">
  <testcase name="scenario" time="9.008" classname="runners.MyGM5PlusTestNGRunnerTest"/>
  <system-out/>
  <testcase name="scenario" time="7.783" classname="runners.MyGM5PlusTestNGRunnerTest"/>
  <system-out/>
  <testcase name="scenario" time="9.754" classname="runners.MyGM5PlusTestNGRunnerTest"/>
  <system-out/>
</testsuite> <!-- runners.MyGM5PlusTestNGRunnerTest -->
