<?xml version="1.0" encoding="UTF-8"?>
<!-- Generated by org.testng.reporters.JUnitReportReporter -->
<testsuite skipped="0" hostname="MYUKSEKKAYA" name="runners.MyPixel2TestNGRunnerTest" tests="3" failures="0" timestamp="2020-11-03T15:33:18 EET" time="21.685" errors="0">
  <testcase name="scenario" time="5.255" classname="runners.MyPixel2TestNGRunnerTest"/>
  <system-out/>
  <testcase name="scenario" time="7.124" classname="runners.MyPixel2TestNGRunnerTest"/>
  <system-out/>
  <testcase name="scenario" time="9.306" classname="runners.MyPixel2TestNGRunnerTest"/>
  <system-out/>
</testsuite> <!-- runners.MyPixel2TestNGRunnerTest -->
